2024-05-31 23:19:39,513 - INFO - Created storage tables
2024-05-31 23:19:39,609 - INFO - Bought '4.647963262498373' of market 'BTC-EUR' for '35.858'. API response: None
2024-05-31 23:19:39,627 - INFO - Sold '4.628705850796781' of market 'BTC-EUR' for '32.4'. API response: None
2024-05-31 23:19:39,668 - INFO - Bought '0.008134477234678805' of market 'ETH-EUR' for '20134.6'. API response: None
2024-05-31 23:19:39,677 - INFO - Bought '0.009954578977698133' of market 'ETH-EUR' for '20499.98'. API response: None
2024-05-31 23:19:39,696 - INFO - Bought '17.879487781250457' of market 'USD-EUR' for '14.28'. API response: None
2024-05-31 23:19:39,713 - INFO - Bought '17.360310747794493' of market 'USD-EUR' for '14.7'. API response: None
2024-05-31 23:19:39,840 - INFO - Bought '2.8172229167541585' of market 'BTC-EUR' for '90.52'. API response: None
2024-05-31 23:19:39,849 - INFO - Bought '2.868315239176799' of market 'BTC-EUR' for '89.046'. API response: None
2024-05-31 23:19:39,901 - INFO - Sold '17.574749764992486' of market 'USD-EUR' for '23.75'. API response: None
2024-05-31 23:19:39,910 - INFO - Sold '17.5496202654625' of market 'USD-EUR' for '24.37'. API response: None
2024-05-31 23:19:40,042 - INFO - Bought '28.355714010585487' of market 'USD-EUR' for '14.87'. API response: None
2024-05-31 23:19:40,051 - INFO - Bought '29.58223231220881' of market 'USD-EUR' for '14.23'. API response: None
2024-05-31 23:19:40,070 - INFO - Sold '2.8274961424181444' of market 'BTC-EUR' for '441.561'. API response: None
2024-05-31 23:19:40,079 - INFO - Sold '2.8318611501333084' of market 'BTC-EUR' for '437.4'. API response: None
2024-05-31 23:19:40,153 - INFO - Sold '28.888631199492174' of market 'USD-EUR' for '18.73'. API response: None
2024-05-31 23:19:40,176 - INFO - Bought '2.7243019303144673' of market 'BTC-EUR' for '368.602'. API response: None
2024-05-31 23:19:40,185 - INFO - Bought '2.711778133636403' of market 'BTC-EUR' for '370.615'. API response: None
2024-05-31 23:19:40,205 - INFO - Sold '28.84087393709319' of market 'USD-EUR' for '18.57'. API response: None
2024-05-31 23:19:40,565 - INFO - Bought '113.31248909030937' of market 'USD-EUR' for '6.8'. API response: None
2024-05-31 23:19:40,586 - INFO - Bought '115.30015171851205' of market 'USD-EUR' for '6.67'. API response: None
2024-05-31 23:19:40,745 - INFO - Sold '114.04435316240095' of market 'USD-EUR' for '8.65'. API response: None
2024-05-31 23:19:40,754 - INFO - Sold '113.82628445607614' of market 'USD-EUR' for '8.47'. API response: None
2024-05-31 23:19:40,849 - INFO - Bought '147.80066546485753' of market 'USD-EUR' for '6.58'. API response: None
2024-05-31 23:19:40,867 - INFO - Bought '158.0861976549259' of market 'USD-EUR' for '6.14'. API response: None
2024-05-31 23:19:41,049 - INFO - Sold '152.51935892501672' of market 'USD-EUR' for '8.56'. API response: None
2024-05-31 23:19:41,058 - INFO - Sold '152.22434020716668' of market 'USD-EUR' for '8.3'. API response: None
2024-05-31 23:19:41,175 - INFO - Bought '202.99935792907135' of market 'USD-EUR' for '6.31'. API response: None
2024-05-31 23:19:41,190 - INFO - Bought '200.38045812466692' of market 'USD-EUR' for '6.38'. API response: None
2024-05-31 23:19:41,303 - INFO - Sold '201.13013898002154' of market 'USD-EUR' for '7.71'. API response: None
2024-05-31 23:19:41,312 - INFO - Sold '200.7378987020615' of market 'USD-EUR' for '7.6'. API response: None
2024-05-31 23:19:41,426 - INFO - Bought '327.0293516136034' of market 'USD-EUR' for '4.69'. API response: None
2024-05-31 23:19:41,441 - INFO - Bought '326.38531291037623' of market 'USD-EUR' for '4.69'. API response: None
2024-05-31 23:19:41,595 - INFO - Sold '2.7048129013004023' of market 'BTC-EUR' for '178.1'. API response: None
2024-05-31 23:19:41,624 - INFO - Sold '2.7094232754978016' of market 'BTC-EUR' for '167.2'. API response: None
2024-05-31 23:19:41,763 - INFO - Bought '5.64199992189108' of market 'BTC-EUR' for '82.1'. API response: None
2024-05-31 23:19:41,867 - INFO - Bought '7.744221056857577' of market 'BTC-EUR' for '59.8'. API response: None
2024-05-31 23:19:42,016 - INFO - Sold '325.8495138797311' of market 'USD-EUR' for '9.93'. API response: None
2024-05-31 23:19:42,041 - INFO - Sold '6.6720715242038695' of market 'BTC-EUR' for '99.1'. API response: None
2024-05-31 23:19:42,049 - INFO - Sold '325.20783485197165' of market 'USD-EUR' for '9.67'. API response: None
2024-05-31 23:19:42,056 - INFO - Sold '6.6687473811554625' of market 'BTC-EUR' for '101.4'. API response: None
2024-05-31 23:19:42,166 - INFO - Bought '244.28712503539828' of market 'USD-EUR' for '7.88'. API response: None
2024-05-31 23:19:42,175 - INFO - Bought '250.1593683721828' of market 'USD-EUR' for '7.69'. API response: None
2024-05-31 23:19:42,256 - INFO - Bought '24.797939924378113' of market 'BTC-EUR' for '77.5'. API response: None
2024-05-31 23:19:42,274 - INFO - Bought '26.034914700828026' of market 'BTC-EUR' for '73.7'. API response: None
2024-05-31 23:19:42,310 - INFO - Sold '25.354057133460227' of market 'BTC-EUR' for '80.7'. API response: None
2024-05-31 23:19:42,335 - INFO - Sold '25.313369019193306' of market 'BTC-EUR' for '83.5'. API response: None
2024-05-31 23:19:42,474 - INFO - Sold '246.39960925475927' of market 'USD-EUR' for '17.88'. API response: None
2024-05-31 23:19:42,483 - INFO - Sold '245.91683003624973' of market 'USD-EUR' for '17.41'. API response: None
2024-05-31 23:19:42,521 - INFO - Bought '44.88330341113106' of market 'BTC-EUR' for '55.7'. API response: None
2024-05-31 23:19:42,530 - INFO - Bought '61.05006105006105' of market 'BTC-EUR' for '54.6'. API response: None
2024-05-31 23:19:42,560 - INFO - Bought '295.1798770798508' of market 'USD-EUR' for '11.81'. API response: None
2024-05-31 23:19:42,569 - INFO - Bought '290.90472707495087' of market 'USD-EUR' for '11.96'. API response: None
2024-05-31 23:19:58,733 - INFO - Created storage tables
2024-05-31 23:19:58,869 - INFO - Bought '4.647963262498373' of market 'BTC-EUR' for '35.858'. API response: None
2024-05-31 23:19:58,893 - INFO - Sold '4.628705850796781' of market 'BTC-EUR' for '31.099'. API response: None
2024-05-31 23:19:58,924 - INFO - Bought '0.008084836794615163' of market 'ETH-EUR' for '20134.6'. API response: None
2024-05-31 23:19:58,934 - INFO - Bought '0.00990584280291437' of market 'ETH-EUR' for '20499.98'. API response: None
2024-05-31 23:19:58,954 - INFO - Bought '17.809558435099238' of market 'USD-EUR' for '14.28'. API response: None
2024-05-31 23:19:58,981 - INFO - Bought '17.292424670538434' of market 'USD-EUR' for '14.7'. API response: None
2024-05-31 23:19:59,129 - INFO - Bought '2.8062095781513263' of market 'BTC-EUR' for '90.52'. API response: None
2024-05-31 23:19:59,138 - INFO - Bought '2.857141985403382' of market 'BTC-EUR' for '89.046'. API response: None
2024-05-31 23:19:59,191 - INFO - Sold '17.50597959363157' of market 'USD-EUR' for '23.75'. API response: None
2024-05-31 23:19:59,200 - INFO - Sold '17.480987634444308' of market 'USD-EUR' for '24.37'. API response: None
2024-05-31 23:19:59,333 - INFO - Bought '28.244843789330286' of market 'USD-EUR' for '14.87'. API response: None
2024-05-31 23:19:59,342 - INFO - Bought '29.466607371261183' of market 'USD-EUR' for '14.23'. API response: None
2024-05-31 23:19:59,364 - INFO - Sold '2.8164249885377806' of market 'BTC-EUR' for '441.561'. API response: None
2024-05-31 23:19:59,376 - INFO - Sold '2.8208121385607052' of market 'BTC-EUR' for '437.4'. API response: None
2024-05-31 23:19:59,446 - INFO - Sold '28.77567829409783' of market 'USD-EUR' for '18.73'. API response: None
2024-05-31 23:19:59,468 - INFO - Bought '2.7136218310424822' of market 'BTC-EUR' for '368.602'. API response: None
2024-05-31 23:19:59,477 - INFO - Bought '2.7011666655471442' of market 'BTC-EUR' for '370.615'. API response: None
2024-05-31 23:19:59,498 - INFO - Sold '28.728146937509628' of market 'USD-EUR' for '18.57'. API response: None
2024-05-31 23:19:59,834 - INFO - Bought '112.87027837225357' of market 'USD-EUR' for '6.8'. API response: None
2024-05-31 23:19:59,856 - INFO - Bought '114.85022385988931' of market 'USD-EUR' for '6.67'. API response: None
2024-05-31 23:20:00,012 - INFO - Sold '113.59928695892224' of market 'USD-EUR' for '8.65'. API response: None
2024-05-31 23:20:00,021 - INFO - Sold '113.38210838500439' of market 'USD-EUR' for '8.47'. API response: None
2024-05-31 23:20:00,119 - INFO - Bought '147.22385708008002' of market 'USD-EUR' for '6.58'. API response: None
2024-05-31 23:20:00,137 - INFO - Bought '157.46929075370565' of market 'USD-EUR' for '6.14'. API response: None
2024-05-31 23:20:00,320 - INFO - Sold '151.92413679070964' of market 'USD-EUR' for '8.56'. API response: None
2024-05-31 23:20:00,329 - INFO - Sold '151.6303085171282' of market 'USD-EUR' for '8.3'. API response: None
2024-05-31 23:20:00,444 - INFO - Bought '202.20712514195088' of market 'USD-EUR' for '6.31'. API response: None
2024-05-31 23:20:00,459 - INFO - Bought '199.59848462796526' of market 'USD-EUR' for '6.38'. API response: None
2024-05-31 23:20:00,569 - INFO - Sold '200.34520093395605' of market 'USD-EUR' for '7.71'. API response: None
2024-05-31 23:20:00,579 - INFO - Sold '199.95453053208814' of market 'USD-EUR' for '7.6'. API response: None
2024-05-31 23:20:00,676 - INFO - Bought '325.7530691583454' of market 'USD-EUR' for '4.69'. API response: None
2024-05-31 23:20:00,691 - INFO - Bought '325.11158302002866' of market 'USD-EUR' for '4.69'. API response: None
2024-05-31 23:20:00,795 - INFO - Sold '2.6941994157005746' of market 'BTC-EUR' for '178.1'. API response: None
2024-05-31 23:20:00,819 - INFO - Sold '2.698831016869173' of market 'BTC-EUR' for '167.2'. API response: None
2024-05-31 23:20:00,940 - INFO - Bought '5.619819459755111' of market 'BTC-EUR' for '82.1'. API response: None
2024-05-31 23:20:01,039 - INFO - Bought '7.7138301888060665' of market 'BTC-EUR' for '59.8'. API response: None
2024-05-31 23:20:01,179 - INFO - Sold '324.5778359975987' of market 'USD-EUR' for '9.93'. API response: None
2024-05-31 23:20:01,204 - INFO - Sold '6.645848917766154' of market 'BTC-EUR' for '99.1'. API response: None
2024-05-31 23:20:01,212 - INFO - Sold '323.9387003256035' of market 'USD-EUR' for '9.67'. API response: None
2024-05-31 23:20:01,219 - INFO - Sold '6.642577219930622' of market 'BTC-EUR' for '101.4'. API response: None
2024-05-31 23:20:01,323 - INFO - Bought '243.33253152988345' of market 'USD-EUR' for '7.88'. API response: None
2024-05-31 23:20:01,332 - INFO - Bought '249.1818414507817' of market 'USD-EUR' for '7.69'. API response: None
2024-05-31 23:20:01,409 - INFO - Bought '24.701041023171026' of market 'BTC-EUR' for '77.5'. API response: None
2024-05-31 23:20:01,427 - INFO - Bought '25.933223445551743' of market 'BTC-EUR' for '73.7'. API response: None
2024-05-31 23:20:01,461 - INFO - Sold '25.25498641914871' of market 'BTC-EUR' for '80.7'. API response: None
2024-05-31 23:20:01,484 - INFO - Sold '25.214496446310424' of market 'BTC-EUR' for '83.5'. API response: None
2024-05-31 23:20:01,622 - INFO - Sold '245.43674643972676' of market 'USD-EUR' for '17.88'. API response: None
2024-05-31 23:20:01,632 - INFO - Sold '244.95589294684729' of market 'USD-EUR' for '17.41'. API response: None
2024-05-31 23:20:01,667 - INFO - Bought '44.88330341113106' of market 'BTC-EUR' for '55.7'. API response: None
2024-05-31 23:20:01,676 - INFO - Bought '61.05006105006105' of market 'BTC-EUR' for '54.6'. API response: None
2024-05-31 23:20:01,704 - INFO - Bought '293.0595728504464' of market 'USD-EUR' for '11.81'. API response: None
2024-05-31 23:20:01,713 - INFO - Bought '288.81520271346517' of market 'USD-EUR' for '11.96'. API response: None
2024-05-31 23:20:33,647 - INFO - Created storage tables
2024-05-31 23:20:33,912 - INFO - Bought '0.008277624917637632' of market 'BTC-EUR' for '20134.6'. API response: None
2024-05-31 23:20:33,919 - INFO - Bought '0.010278313867670578' of market 'ETH-EUR' for '20134.6'. API response: None
2024-05-31 23:20:33,926 - INFO - Bought '0.012778174710736744' of market 'USD-EUR' for '20134.6'. API response: None
2024-05-31 23:20:33,933 - INFO - Bought '0.01582252657025907' of market 'BTC-EUR' for '20499.98'. API response: None
2024-05-31 23:20:33,945 - INFO - Bought '0.020816704043688808' of market 'ETH-EUR' for '20499.98'. API response: None
2024-05-31 23:20:33,954 - INFO - Bought '0.030795070635601433' of market 'USD-EUR' for '20499.98'. API response: None
2024-05-31 23:20:36,017 - INFO - Sold '0.002045983776395559' of market 'BTC-EUR' for '8640.0'. API response: None
2024-05-31 23:20:36,025 - INFO - Sold '0.005536436083512676' of market 'ETH-EUR' for '8640.0'. API response: None
2024-05-31 23:20:36,034 - INFO - Sold '0.011763096480208648' of market 'USD-EUR' for '8640.0'. API response: None
2024-05-31 23:20:36,047 - INFO - Sold '0.012061891808842767' of market 'BTC-EUR' for '8732.0'. API response: None
2024-05-31 23:20:36,056 - INFO - Sold '0.015545363211345652' of market 'ETH-EUR' for '8732.0'. API response: None
2024-05-31 23:20:36,067 - INFO - Sold '0.02175957028724823' of market 'USD-EUR' for '8732.0'. API response: None
2024-05-31 23:20:36,344 - INFO - Bought '0.007770675114732968' of market 'BTC-EUR' for '6028.0'. API response: None
2024-05-31 23:20:36,351 - INFO - Bought '0.009771566844687074' of market 'ETH-EUR' for '6028.0'. API response: None
2024-05-31 23:20:36,358 - INFO - Bought '0.012271681061264732' of market 'USD-EUR' for '6028.0'. API response: None
2024-05-31 23:20:36,377 - INFO - Bought '0.015861365538225793' of market 'BTC-EUR' for '5930.0'. API response: None
2024-05-31 23:20:36,384 - INFO - Bought '0.020855504172687566' of market 'ETH-EUR' for '5930.0'. API response: None
2024-05-31 23:20:36,392 - INFO - Bought '0.030833793164342198' of market 'USD-EUR' for '5930.0'. API response: None
2024-05-31 23:20:57,943 - INFO - Created storage tables
2024-05-31 23:20:58,197 - INFO - Bought '0.008277624917637632' of market 'BTC-EUR' for '20134.6'. API response: None
2024-05-31 23:20:58,204 - INFO - Bought '0.010278313867670578' of market 'ETH-EUR' for '20134.6'. API response: None
2024-05-31 23:20:58,215 - INFO - Bought '0.012778174710736744' of market 'USD-EUR' for '20134.6'. API response: None
2024-05-31 23:20:58,223 - INFO - Bought '0.01582252657025907' of market 'BTC-EUR' for '20499.98'. API response: None
2024-05-31 23:20:58,231 - INFO - Bought '0.020816704043688808' of market 'ETH-EUR' for '20499.98'. API response: None
2024-05-31 23:20:58,239 - INFO - Bought '0.030795070635601433' of market 'USD-EUR' for '20499.98'. API response: None
2024-05-31 23:20:59,811 - INFO - Sold '0.002045983776395559' of market 'BTC-EUR' for '11782.28'. API response: None
2024-05-31 23:20:59,828 - INFO - Sold '0.005536436083512675' of market 'ETH-EUR' for '11782.28'. API response: None
2024-05-31 23:20:59,846 - INFO - Sold '0.011763096480208656' of market 'USD-EUR' for '11782.28'. API response: None
2024-05-31 23:20:59,867 - INFO - Sold '0.012061891808842769' of market 'BTC-EUR' for '10721.68'. API response: None
2024-05-31 23:20:59,886 - INFO - Sold '0.015545363211345645' of market 'ETH-EUR' for '10721.68'. API response: None
2024-05-31 23:20:59,904 - INFO - Sold '0.021759570287248238' of market 'USD-EUR' for '10721.68'. API response: None
2024-05-31 23:20:59,982 - INFO - Bought '0.004702568384442331' of market 'BTC-EUR' for '10139.64'. API response: None
2024-05-31 23:20:59,991 - INFO - Bought '0.006704687357088553' of market 'ETH-EUR' for '10139.64'. API response: None
2024-05-31 23:21:00,003 - INFO - Bought '0.00920633501341001' of market 'USD-EUR' for '10139.64'. API response: None
2024-05-31 23:21:00,028 - INFO - Sold '0.004709018316624162' of market 'BTC-EUR' for '8691.81'. API response: None
2024-05-31 23:21:00,043 - INFO - Sold '0.006700174101010996' of market 'ETH-EUR' for '8691.81'. API response: None
2024-05-31 23:21:00,062 - INFO - Sold '0.009184400034485393' of market 'USD-EUR' for '8691.81'. API response: None
2024-05-31 23:21:00,175 - INFO - Bought '0.0070852087439113' of market 'BTC-EUR' for '7053.75'. API response: None
2024-05-31 23:21:00,188 - INFO - Bought '0.009086374660413737' of market 'ETH-EUR' for '7053.75'. API response: None
2024-05-31 23:21:00,204 - INFO - Bought '0.01158683147308353' of market 'USD-EUR' for '7053.75'. API response: None
2024-05-31 23:21:00,233 - INFO - Bought '0.014891345629379328' of market 'BTC-EUR' for '7066.9'. API response: None
2024-05-31 23:21:00,242 - INFO - Bought '0.01988645428374995' of market 'ETH-EUR' for '7066.9'. API response: None
2024-05-31 23:21:00,252 - INFO - Bought '0.02986668137518245' of market 'USD-EUR' for '7066.9'. API response: None
2024-05-31 23:21:00,481 - INFO - Sold '0.0059915955591737105' of market 'BTC-EUR' for '4360.83'. API response: None
2024-05-31 23:21:00,496 - INFO - Sold '0.009480759378874881' of market 'ETH-EUR' for '4360.83'. API response: None
2024-05-31 23:21:00,514 - INFO - Sold '0.015706161332633167' of market 'USD-EUR' for '4360.83'. API response: None
2024-05-31 23:21:00,556 - INFO - Bought '0.004860112825734513' of market 'BTC-EUR' for '5179.39'. API response: None
2024-05-31 23:21:00,563 - INFO - Bought '0.009865252712908779' of market 'ETH-EUR' for '5179.39'. API response: None
2024-05-31 23:21:00,571 - INFO - Bought '0.01986552220748296' of market 'USD-EUR' for '5179.39'. API response: None
2024-05-31 23:21:00,741 - INFO - Sold '0.005434992224813367' of market 'BTC-EUR' for '8640.0'. API response: None
2024-05-31 23:21:00,748 - INFO - Sold '0.009673659764843384' of market 'ETH-EUR' for '8640.0'. API response: None
2024-05-31 23:21:00,756 - INFO - Sold '0.01777028977817904' of market 'USD-EUR' for '8640.0'. API response: None
2024-05-31 23:21:00,766 - INFO - Sold '0.015444122240363739' of market 'BTC-EUR' for '8732.0'. API response: None
2024-05-31 23:21:00,773 - INFO - Sold '0.0196743124453137' of market 'ETH-EUR' for '8732.0'. API response: None
2024-05-31 23:21:00,780 - INFO - Sold '0.027754749198622686' of market 'USD-EUR' for '8732.0'. API response: None
2024-05-31 23:21:01,040 - INFO - Bought '0.010036269729621967' of market 'BTC-EUR' for '6028.0'. API response: None
2024-05-31 23:21:01,047 - INFO - Bought '0.012036255221730118' of market 'ETH-EUR' for '6028.0'. API response: None
2024-05-31 23:21:01,055 - INFO - Bought '0.014535237094119254' of market 'USD-EUR' for '6028.0'. API response: None
2024-05-31 23:21:01,074 - INFO - Bought '0.018160795435168405' of market 'BTC-EUR' for '5930.0'. API response: None
2024-05-31 23:21:01,081 - INFO - Bought '0.023152634639733237' of market 'ETH-EUR' for '5930.0'. API response: None
2024-05-31 23:21:01,088 - INFO - Bought '0.03312632937045377' of market 'USD-EUR' for '5930.0'. API response: None
2024-05-31 23:22:10,625 - INFO - Created storage tables
2024-05-31 23:22:10,847 - INFO - Bought '0.008277624917637632' of market 'BTC-EUR' for '20134.6'. API response: None
2024-05-31 23:22:10,854 - INFO - Bought '0.010278313867670578' of market 'ETH-EUR' for '20134.6'. API response: None
2024-05-31 23:22:10,861 - INFO - Bought '0.012778174710736744' of market 'USD-EUR' for '20134.6'. API response: None
2024-05-31 23:22:10,868 - INFO - Bought '0.01582252657025907' of market 'BTC-EUR' for '20499.98'. API response: None
2024-05-31 23:22:10,876 - INFO - Bought '0.020816704043688808' of market 'ETH-EUR' for '20499.98'. API response: None
2024-05-31 23:22:10,884 - INFO - Bought '0.030795070635601433' of market 'USD-EUR' for '20499.98'. API response: None
2024-05-31 23:22:12,371 - INFO - Sold '0.0020459837763955593' of market 'BTC-EUR' for '15878.06'. API response: None
2024-05-31 23:22:12,384 - INFO - Sold '0.005536436083512675' of market 'ETH-EUR' for '15878.06'. API response: None
2024-05-31 23:22:12,397 - INFO - Sold '0.011763096480208656' of market 'USD-EUR' for '15878.06'. API response: None
2024-05-31 23:22:12,423 - INFO - Bought '0.0006796627786855343' of market 'BTC-EUR' for '17318.56'. API response: None
2024-05-31 23:22:12,430 - INFO - Bought '0.00568898311590685' of market 'ETH-EUR' for '17318.56'. API response: None
2024-05-31 23:22:12,438 - INFO - Bought '0.01569760514967504' of market 'USD-EUR' for '17318.56'. API response: None
2024-05-31 23:22:12,454 - INFO - Sold '0.0013800790275179575' of market 'BTC-EUR' for '15334.24'. API response: None
2024-05-31 23:22:12,467 - INFO - Sold '0.0056214755756862226' of market 'ETH-EUR' for '15334.24'. API response: None
2024-05-31 23:22:12,483 - INFO - Sold '0.013722901485777334' of market 'USD-EUR' for '15334.24'. API response: None
2024-05-31 23:22:12,500 - INFO - Bought '0.0007023445538691613' of market 'BTC-EUR' for '14731.01'. API response: None
2024-05-31 23:22:12,518 - INFO - Bought '0.005711642209315293' of market 'ETH-EUR' for '14731.01'. API response: None
2024-05-31 23:22:12,538 - INFO - Bought '0.015720218924896664' of market 'USD-EUR' for '14731.01'. API response: None
2024-05-31 23:22:12,558 - INFO - Sold '0.0010591108089176694' of market 'BTC-EUR' for '11782.28'. API response: None
2024-05-31 23:22:12,578 - INFO - Sold '0.005675217215119368' of market 'ETH-EUR' for '11782.28'. API response: None
2024-05-31 23:22:12,597 - INFO - Sold '0.014712128502528968' of market 'USD-EUR' for '11782.28'. API response: None
2024-05-31 23:22:12,624 - INFO - Sold '0.011076992587299836' of market 'BTC-EUR' for '10721.68'. API response: None
2024-05-31 23:22:12,640 - INFO - Sold '0.01568386678068913' of market 'ETH-EUR' for '10721.68'. API response: None
2024-05-31 23:22:12,662 - INFO - Sold '0.024702704245523916' of market 'USD-EUR' for '10721.68'. API response: None
2024-05-31 23:22:12,738 - INFO - Bought '0.004540407963831422' of market 'BTC-EUR' for '10139.64'. API response: None
2024-05-31 23:22:12,747 - INFO - Bought '0.00654259180064589' of market 'ETH-EUR' for '10139.64'. API response: None
2024-05-31 23:22:12,764 - INFO - Bought '0.009044320504745566' of market 'USD-EUR' for '10139.64'. API response: None
2024-05-31 23:22:12,776 - INFO - Sold '0.004549151367950572' of market 'BTC-EUR' for '9258.0'. API response: None
2024-05-31 23:22:12,796 - INFO - Sold '0.006538125081454478' of market 'ETH-EUR' for '9258.0'. API response: None
2024-05-31 23:22:12,815 - INFO - Sold '0.009016822640157221' of market 'USD-EUR' for '9258.0'. API response: None
2024-05-31 23:22:13,035 - INFO - Bought '0.0067363898285587856' of market 'BTC-EUR' for '7053.75'. API response: None
2024-05-31 23:22:13,042 - INFO - Bought '0.008737695272627364' of market 'ETH-EUR' for '7053.75'. API response: None
2024-05-31 23:22:13,049 - INFO - Bought '0.01123832642499105' of market 'USD-EUR' for '7053.75'. API response: None
2024-05-31 23:22:13,060 - INFO - Bought '0.014543720979533756' of market 'BTC-EUR' for '7066.9'. API response: None
2024-05-31 23:22:13,067 - INFO - Bought '0.01953917725855422' of market 'ETH-EUR' for '7066.9'. API response: None
2024-05-31 23:22:13,076 - INFO - Bought '0.02952009890403711' of market 'USD-EUR' for '7066.9'. API response: None
2024-05-31 23:22:13,271 - INFO - Sold '0.005644228696981621' of market 'BTC-EUR' for '4360.83'. API response: None
2024-05-31 23:22:13,287 - INFO - Sold '0.009133637788681809' of market 'ETH-EUR' for '4360.83'. API response: None
2024-05-31 23:22:13,305 - INFO - Sold '0.015359478850527583' of market 'USD-EUR' for '4360.83'. API response: None
2024-05-31 23:22:13,331 - INFO - Sold '0.015652940239587656' of market 'BTC-EUR' for '4214.4'. API response: None
2024-05-31 23:22:13,347 - INFO - Sold '0.019135370513104447' of market 'ETH-EUR' for '4214.4'. API response: None
2024-05-31 23:22:13,365 - INFO - Sold '0.02534875989282653' of market 'USD-EUR' for '4214.4'. API response: None
2024-05-31 23:22:13,408 - INFO - Bought '0.006363265726022868' of market 'BTC-EUR' for '5179.39'. API response: None
2024-05-31 23:22:13,416 - INFO - Bought '0.008364720419732458' of market 'ETH-EUR' for '5179.39'. API response: None
2024-05-31 23:22:13,425 - INFO - Bought '0.010865538059522591' of market 'USD-EUR' for '5179.39'. API response: None
2024-05-31 23:22:13,436 - INFO - Bought '0.010935142292678973' of market 'BTC-EUR' for '6724.97'. API response: None
2024-05-31 23:22:13,447 - INFO - Bought '0.015934207150386293' of market 'ETH-EUR' for '6724.97'. API response: None
2024-05-31 23:22:13,458 - INFO - Bought '0.025922338736085522' of market 'USD-EUR' for '6724.97'. API response: None
2024-05-31 23:22:13,632 - INFO - Sold '0.0036462472686934685' of market 'BTC-EUR' for '8640.0'. API response: None
2024-05-31 23:22:13,639 - INFO - Sold '0.007136038067669902' of market 'ETH-EUR' for '8640.0'. API response: None
2024-05-31 23:22:13,646 - INFO - Sold '0.01336183526985174' of market 'USD-EUR' for '8640.0'. API response: None
2024-05-31 23:22:13,656 - INFO - Sold '0.013658954774156082' of market 'BTC-EUR' for '8732.0'. API response: None
2024-05-31 23:22:13,663 - INFO - Sold '0.01714176599153456' of market 'ETH-EUR' for '8732.0'. API response: None
2024-05-31 23:22:13,671 - INFO - Sold '0.02335511159931204' of market 'USD-EUR' for '8732.0'. API response: None
2024-05-31 23:22:13,925 - INFO - Bought '0.0062776334866001425' of market 'BTC-EUR' for '6028.0'. API response: None
2024-05-31 23:22:13,932 - INFO - Bought '0.0082791224332055' of market 'ETH-EUR' for '6028.0'. API response: None
2024-05-31 23:22:13,939 - INFO - Bought '0.010779982871988898' of market 'USD-EUR' for '6028.0'. API response: None
2024-05-31 23:22:13,958 - INFO - Bought '0.014346026238535276' of market 'BTC-EUR' for '5930.0'. API response: None
2024-05-31 23:22:13,965 - INFO - Bought '0.01934168021229674' of market 'ETH-EUR' for '5930.0'. API response: None
2024-05-31 23:22:13,972 - INFO - Bought '0.029322996851872146' of market 'USD-EUR' for '5930.0'. API response: None
2024-05-31 23:22:27,264 - INFO - Created storage tables
2024-05-31 23:22:27,515 - INFO - Bought '0.008277624917637632' of market 'BTC-EUR' for '20134.6'. API response: None
2024-05-31 23:22:27,522 - INFO - Bought '0.010278313867670578' of market 'ETH-EUR' for '20134.6'. API response: None
2024-05-31 23:22:27,529 - INFO - Bought '0.012778174710736744' of market 'USD-EUR' for '20134.6'. API response: None
2024-05-31 23:22:27,537 - INFO - Bought '0.01582252657025907' of market 'BTC-EUR' for '20499.98'. API response: None
2024-05-31 23:22:27,547 - INFO - Bought '0.020816704043688808' of market 'ETH-EUR' for '20499.98'. API response: None
2024-05-31 23:22:27,558 - INFO - Bought '0.030795070635601433' of market 'USD-EUR' for '20499.98'. API response: None
2024-05-31 23:22:29,139 - INFO - Sold '0.002045983776395559' of market 'BTC-EUR' for '11782.28'. API response: None
2024-05-31 23:22:29,158 - INFO - Sold '0.005536436083512675' of market 'ETH-EUR' for '11782.28'. API response: None
2024-05-31 23:22:29,176 - INFO - Sold '0.011763096480208656' of market 'USD-EUR' for '11782.28'. API response: None
2024-05-31 23:22:29,202 - INFO - Sold '0.012061891808842769' of market 'BTC-EUR' for '10721.68'. API response: None
2024-05-31 23:22:29,219 - INFO - Sold '0.015545363211345645' of market 'ETH-EUR' for '10721.68'. API response: None
2024-05-31 23:22:29,238 - INFO - Sold '0.021759570287248238' of market 'USD-EUR' for '10721.68'. API response: None
2024-05-31 23:22:29,300 - INFO - Bought '0.004702568384442331' of market 'BTC-EUR' for '10139.64'. API response: None
2024-05-31 23:22:29,307 - INFO - Bought '0.006704687357088553' of market 'ETH-EUR' for '10139.64'. API response: None
2024-05-31 23:22:29,316 - INFO - Bought '0.00920633501341001' of market 'USD-EUR' for '10139.64'. API response: None
2024-05-31 23:22:29,332 - INFO - Sold '0.004709018316624162' of market 'BTC-EUR' for '8691.81'. API response: None
2024-05-31 23:22:29,346 - INFO - Sold '0.006700174101010996' of market 'ETH-EUR' for '8691.81'. API response: None
2024-05-31 23:22:29,362 - INFO - Sold '0.009184400034485393' of market 'USD-EUR' for '8691.81'. API response: None
2024-05-31 23:22:29,471 - INFO - Bought '0.0070852087439113' of market 'BTC-EUR' for '7053.75'. API response: None
2024-05-31 23:22:29,484 - INFO - Bought '0.009086374660413737' of market 'ETH-EUR' for '7053.75'. API response: None
2024-05-31 23:22:29,499 - INFO - Bought '0.01158683147308353' of market 'USD-EUR' for '7053.75'. API response: None
2024-05-31 23:22:29,521 - INFO - Bought '0.014891345629379328' of market 'BTC-EUR' for '7066.9'. API response: None
2024-05-31 23:22:29,530 - INFO - Bought '0.01988645428374995' of market 'ETH-EUR' for '7066.9'. API response: None
2024-05-31 23:22:29,539 - INFO - Bought '0.02986668137518245' of market 'USD-EUR' for '7066.9'. API response: None
2024-05-31 23:22:29,766 - INFO - Sold '0.0059915955591737105' of market 'BTC-EUR' for '4360.83'. API response: None
2024-05-31 23:22:29,781 - INFO - Sold '0.009480759378874881' of market 'ETH-EUR' for '4360.83'. API response: None
2024-05-31 23:22:29,797 - INFO - Sold '0.015706161332633167' of market 'USD-EUR' for '4360.83'. API response: None
2024-05-31 23:22:29,836 - INFO - Bought '0.004860112825734513' of market 'BTC-EUR' for '5179.39'. API response: None
2024-05-31 23:22:29,843 - INFO - Bought '0.009865252712908779' of market 'ETH-EUR' for '5179.39'. API response: None
2024-05-31 23:22:29,851 - INFO - Bought '0.01986552220748296' of market 'USD-EUR' for '5179.39'. API response: None
2024-05-31 23:22:30,027 - INFO - Sold '0.005434992224813367' of market 'BTC-EUR' for '8640.0'. API response: None
2024-05-31 23:22:30,034 - INFO - Sold '0.009673659764843384' of market 'ETH-EUR' for '8640.0'. API response: None
2024-05-31 23:22:30,041 - INFO - Sold '0.01777028977817904' of market 'USD-EUR' for '8640.0'. API response: None
2024-05-31 23:22:30,051 - INFO - Sold '0.015444122240363739' of market 'BTC-EUR' for '8732.0'. API response: None
2024-05-31 23:22:30,058 - INFO - Sold '0.0196743124453137' of market 'ETH-EUR' for '8732.0'. API response: None
2024-05-31 23:22:30,066 - INFO - Sold '0.027754749198622686' of market 'USD-EUR' for '8732.0'. API response: None
2024-05-31 23:22:30,337 - INFO - Bought '0.010036269729621967' of market 'BTC-EUR' for '6028.0'. API response: None
2024-05-31 23:22:30,344 - INFO - Bought '0.012036255221730118' of market 'ETH-EUR' for '6028.0'. API response: None
2024-05-31 23:22:30,352 - INFO - Bought '0.014535237094119254' of market 'USD-EUR' for '6028.0'. API response: None
2024-05-31 23:22:30,371 - INFO - Bought '0.018160795435168405' of market 'BTC-EUR' for '5930.0'. API response: None
2024-05-31 23:22:30,378 - INFO - Bought '0.023152634639733237' of market 'ETH-EUR' for '5930.0'. API response: None
2024-05-31 23:22:30,385 - INFO - Bought '0.03312632937045377' of market 'USD-EUR' for '5930.0'. API response: None
2024-05-31 23:23:21,991 - INFO - Created storage tables
2024-05-31 23:23:22,079 - INFO - Bought '4970673.029128144' of market 'BTC-EUR' for '3.353e-05'. API response: None
2024-05-31 23:23:22,096 - INFO - Bought '5161090.46056983' of market 'BTC-EUR' for '3.228e-05'. API response: None
2024-05-31 23:23:22,121 - INFO - Bought '1817.66947001443' of market 'ETH-EUR' for '0.09161'. API response: None
2024-05-31 23:23:22,142 - INFO - Bought '1918.667070125561' of market 'ETH-EUR' for '0.08673'. API response: None
2024-05-31 23:23:22,257 - INFO - Sold '5055770.194460066' of market 'BTC-EUR' for '0.0001339'. API response: None
2024-05-31 23:23:22,290 - INFO - Sold '5045658.664091146' of market 'BTC-EUR' for '0.00011478'. API response: None
2024-05-31 23:23:22,321 - INFO - Sold '1864.4294112475015' of market 'ETH-EUR' for '0.15337'. API response: None
2024-05-31 23:23:22,330 - INFO - Sold '1860.7105724250064' of market 'ETH-EUR' for '0.14451'. API response: None
2024-05-31 23:23:22,409 - INFO - Bought '3212.927268529914' of market 'ETH-EUR' for '0.111'. API response: None
2024-05-31 23:23:22,418 - INFO - Bought '3733.2966308524205' of market 'ETH-EUR' for '0.09549'. API response: None
2024-05-31 23:23:22,447 - INFO - Bought '4745797.658962541' of market 'BTC-EUR' for '7.508e-05'. API response: None
2024-05-31 23:23:22,456 - INFO - Bought '5012344.390392994' of market 'BTC-EUR' for '7.104e-05'. API response: None
2024-05-31 23:23:22,658 - INFO - Sold '3464.313909897802' of market 'ETH-EUR' for '0.23742'. API response: None
2024-05-31 23:23:22,667 - INFO - Sold '3457.395302078006' of market 'ETH-EUR' for '0.22708'. API response: None
2024-05-31 23:23:22,692 - INFO - Bought '23.756986539511203' of market 'USD-EUR' for '24.37'. API response: None
2024-05-31 23:23:22,707 - INFO - Bought '25.0066199622548' of market 'USD-EUR' for '23.14'. API response: None
2024-05-31 23:23:22,759 - INFO - Sold '4864286.696323722' of market 'BTC-EUR' for '0.00010377'. API response: None
2024-05-31 23:23:22,768 - INFO - Sold '4854558.132951073' of market 'BTC-EUR' for '0.000109'. API response: None
2024-05-31 23:23:22,794 - INFO - Sold '24.32315693700898' of market 'USD-EUR' for '30.85'. API response: None
2024-05-31 23:23:22,803 - INFO - Sold '24.284530623134962' of market 'USD-EUR' for '30.74'. API response: None
2024-05-31 23:23:22,863 - INFO - Bought '20.694235575174762' of market 'USD-EUR' for '29.65'. API response: None
2024-05-31 23:23:22,872 - INFO - Bought '20.814322014591454' of market 'USD-EUR' for '29.47'. API response: None
2024-05-31 23:23:22,950 - INFO - Bought '11213701.409749912' of market 'BTC-EUR' for '5.468e-05'. API response: None
2024-05-31 23:23:22,958 - INFO - Sold '20.683598518162405' of market 'USD-EUR' for '34.8'. API response: None
2024-05-31 23:23:22,965 - INFO - Bought '11397692.471077042' of market 'BTC-EUR' for '5.607e-05'. API response: None
2024-05-31 23:23:22,976 - INFO - Sold '20.652251321126084' of market 'USD-EUR' for '36.02'. API response: None
2024-05-31 23:23:23,071 - INFO - Bought '5898.751679735782' of market 'ETH-EUR' for '0.11265'. API response: None
2024-05-31 23:23:23,081 - INFO - Bought '26.961094466995036' of market 'USD-EUR' for '24.63'. API response: None
2024-05-31 23:23:23,095 - INFO - Bought '26.174007939462154' of market 'USD-EUR' for '25.35'. API response: None
2024-05-31 23:23:23,122 - INFO - Sold '11278276.115952373' of market 'BTC-EUR' for '6.493e-05'. API response: None
2024-05-31 23:23:23,137 - INFO - Sold '11255719.573740467' of market 'BTC-EUR' for '6.856e-05'. API response: None
2024-05-31 23:23:23,147 - INFO - Sold '5880.062973643132' of market 'ETH-EUR' for '0.13589'. API response: None
2024-05-31 23:23:23,174 - INFO - Sold '26.488899867669485' of market 'USD-EUR' for '28.7'. API response: None
2024-05-31 23:23:23,202 - INFO - Sold '26.445942067934155' of market 'USD-EUR' for '30.94'. API response: None
2024-05-31 23:23:23,232 - INFO - Bought '12906480.123404823' of market 'BTC-EUR' for '5.857e-05'. API response: None
2024-05-31 23:23:23,319 - INFO - Sold '12858207.24692524' of market 'BTC-EUR' for '7.201e-05'. API response: None
2024-05-31 23:23:23,361 - INFO - Bought '44.10262802527185' of market 'USD-EUR' for '17.77'. API response: None
2024-05-31 23:23:23,376 - INFO - Bought '42.95097750049766' of market 'USD-EUR' for '18.24'. API response: None
2024-05-31 23:23:23,449 - INFO - Bought '15381650.12559954' of market 'BTC-EUR' for '5.091e-05'. API response: None
2024-05-31 23:23:23,493 - INFO - Bought '15685663.557006396' of market 'BTC-EUR' for '4.989e-05'. API response: None
2024-05-31 23:23:23,530 - INFO - Sold '15489793.326009551' of market 'BTC-EUR' for '5.427e-05'. API response: None
2024-05-31 23:23:23,557 - INFO - Sold '15458813.749377534' of market 'BTC-EUR' for '5.347e-05'. API response: None
2024-05-31 23:23:23,702 - INFO - Sold '43.40850693506254' of market 'USD-EUR' for '22.34'. API response: None
2024-05-31 23:23:23,790 - INFO - Sold '43.331709921192406' of market 'USD-EUR' for '25.45'. API response: None
2024-05-31 23:23:23,810 - INFO - Bought '20477.033218272245' of market 'ETH-EUR' for '0.0431'. API response: None
2024-05-31 23:23:23,825 - INFO - Bought '20612.317617459128' of market 'ETH-EUR' for '0.0428'. API response: None
2024-05-31 23:23:23,878 - INFO - Bought '25588107.88288558' of market 'BTC-EUR' for '3.446e-05'. API response: None
2024-05-31 23:23:23,887 - INFO - Bought '26001131.709282104' of market 'BTC-EUR' for '3.389e-05'. API response: None
2024-05-31 23:23:23,908 - INFO - Sold '20497.783048688725' of market 'ETH-EUR' for '0.0709'. API response: None
2024-05-31 23:23:23,917 - INFO - Sold '20456.797502591347' of market 'ETH-EUR' for '0.069'. API response: None
2024-05-31 23:23:23,983 - INFO - Sold '25727674.710306372' of market 'BTC-EUR' for '4.198e-05'. API response: None
2024-05-31 23:23:23,995 - INFO - Sold '25676219.37090576' of market 'BTC-EUR' for '4.075e-05'. API response: None
2024-05-31 23:23:24,117 - INFO - Bought '23705.330932003246' of market 'ETH-EUR' for '0.0474'. API response: None
2024-05-31 23:23:24,144 - INFO - Bought '24631.21333535269' of market 'ETH-EUR' for '0.0456'. API response: None
2024-05-31 23:23:24,198 - INFO - Bought '41288041.583524704' of market 'BTC-EUR' for '2.719e-05'. API response: None
2024-05-31 23:23:24,234 - INFO - Sold '24099.570301996377' of market 'ETH-EUR' for '0.0649'. API response: None
2024-05-31 23:23:24,253 - INFO - Bought '39.79450640524996' of market 'USD-EUR' for '30.95'. API response: None
2024-05-31 23:23:24,287 - INFO - Sold '24051.381181392386' of market 'ETH-EUR' for '0.0591'. API response: None
2024-05-31 23:23:24,337 - INFO - Bought '24.23366962792993' of market 'USD-EUR' for '52.73'. API response: None
2024-05-31 23:23:24,359 - INFO - Bought '28381.45829809833' of market 'ETH-EUR' for '0.045'. API response: None
2024-05-31 23:23:24,369 - INFO - Bought '32219.4111929548' of market 'ETH-EUR' for '0.0396'. API response: None
2024-05-31 23:23:24,425 - INFO - Sold '31.90188589146599' of market 'USD-EUR' for '81.7'. API response: None
2024-05-31 23:23:24,432 - INFO - Sold '41154277.8841771' of market 'BTC-EUR' for '3.529e-05'. API response: None
2024-05-31 23:23:24,452 - INFO - Sold '31.84810211968306' of market 'USD-EUR' for '83.54'. API response: None
2024-05-31 23:23:24,478 - INFO - Sold '30215.898484633533' of market 'ETH-EUR' for '0.0575'. API response: None
2024-05-31 23:23:24,487 - INFO - Sold '30155.47670766427' of market 'ETH-EUR' for '0.057'. API response: None
2024-05-31 23:23:24,530 - INFO - Bought '34722.222222222226' of market 'ETH-EUR' for '0.048'. API response: None
2024-05-31 23:23:24,676 - INFO - Bought '23.83234567501021' of market 'USD-EUR' for '81.88'. API response: None
2024-05-31 23:23:24,690 - INFO - Bought '23.24382598948881' of market 'USD-EUR' for '83.92'. API response: None
2024-05-31 23:23:24,697 - INFO - Bought '65532832.10935157' of market 'BTC-EUR' for '2.975e-05'. API response: None
2024-05-31 23:23:24,723 - INFO - Bought '64835291.39970051' of market 'BTC-EUR' for '3.004e-05'. API response: None
2024-05-31 23:23:24,741 - INFO - Bought '36196.58937878417' of market 'ETH-EUR' for '0.0537'. API response: None
2024-05-31 23:23:24,794 - INFO - Sold '65012799.56397817' of market 'BTC-EUR' for '3.211e-05'. API response: None
2024-05-31 23:23:24,803 - INFO - Sold '64882773.97487021' of market 'BTC-EUR' for '3.096e-05'. API response: None
2024-05-31 23:23:24,912 - INFO - Sold '35358.468096668774' of market 'ETH-EUR' for '0.0582'. API response: None
2024-05-31 23:23:24,927 - INFO - Sold '35287.761180475434' of market 'ETH-EUR' for '0.0645'. API response: None
2024-05-31 23:23:25,027 - INFO - Bought '91487598.54552075' of market 'BTC-EUR' for '2.298e-05'. API response: None
2024-05-31 23:23:25,043 - INFO - Bought '92067634.73457946' of market 'BTC-EUR' for '2.282e-05'. API response: None
2024-05-31 23:23:25,071 - INFO - Sold '91529545.00553623' of market 'BTC-EUR' for '2.414e-05'. API response: None
2024-05-31 23:23:47,370 - INFO - Created storage tables
2024-05-31 23:23:47,428 - INFO - Bought '4970673.029128144' of market 'BTC-EUR' for '3.353e-05'. API response: None
2024-05-31 23:23:47,443 - INFO - Bought '5161090.46056983' of market 'BTC-EUR' for '3.228e-05'. API response: None
2024-05-31 23:23:47,461 - INFO - Bought '1817.66947001443' of market 'ETH-EUR' for '0.09161'. API response: None
2024-05-31 23:23:47,478 - INFO - Bought '1918.667070125561' of market 'ETH-EUR' for '0.08673'. API response: None
2024-05-31 23:23:47,506 - INFO - Sold '1864.4294112475006' of market 'ETH-EUR' for '0.07529'. API response: None
2024-05-31 23:23:47,566 - INFO - Sold '1860.7105724250055' of market 'ETH-EUR' for '0.06895'. API response: None
2024-05-31 23:23:47,652 - INFO - Sold '5055770.194460066' of market 'BTC-EUR' for '0.0001339'. API response: None
2024-05-31 23:23:47,685 - INFO - Sold '5045658.664091146' of market 'BTC-EUR' for '0.00011478'. API response: None
2024-05-31 23:23:47,792 - INFO - Bought '2784.1026311940177' of market 'ETH-EUR' for '0.111'. API response: None
2024-05-31 23:23:47,801 - INFO - Bought '3235.019377418692' of market 'ETH-EUR' for '0.09549'. API response: None
2024-05-31 23:23:47,830 - INFO - Bought '4112383.9045283175' of market 'BTC-EUR' for '7.508e-05'. API response: None
2024-05-31 23:23:47,839 - INFO - Bought '4343355.08559101' of market 'BTC-EUR' for '7.104e-05'. API response: None
2024-05-31 23:23:48,012 - INFO - Sold '3001.6882159009806' of market 'ETH-EUR' for '0.23742'. API response: None
2024-05-31 23:23:48,021 - INFO - Sold '2995.694859469179' of market 'ETH-EUR' for '0.22708'. API response: None
2024-05-31 23:23:48,046 - INFO - Bought '20.584992518699433' of market 'USD-EUR' for '24.37'. API response: None
2024-05-31 23:23:48,055 - INFO - Bought '21.66824658465506' of market 'USD-EUR' for '23.14'. API response: None
2024-05-31 23:23:48,073 - INFO - Sold '21.074470610456334' of market 'USD-EUR' for '21.97'. API response: None
2024-05-31 23:23:48,095 - INFO - Bought '21.96066910005665' of market 'USD-EUR' for '22.22'. API response: None
2024-05-31 23:23:48,111 - INFO - Sold '4214384.970157948' of market 'BTC-EUR' for '0.00010377'. API response: None
2024-05-31 23:23:48,120 - INFO - Sold '4205956.2102376325' of market 'BTC-EUR' for '0.000109'. API response: None
2024-05-31 23:23:48,152 - INFO - Sold '21.47459852925676' of market 'USD-EUR' for '30.85'. API response: None
2024-05-31 23:23:48,161 - INFO - Sold '21.44166933219825' of market 'USD-EUR' for '30.74'. API response: None
2024-05-31 23:23:48,218 - INFO - Bought '17.917495743794547' of market 'USD-EUR' for '29.65'. API response: None
2024-05-31 23:23:48,228 - INFO - Bought '18.021739596334815' of market 'USD-EUR' for '29.47'. API response: None
2024-05-31 23:23:48,309 - INFO - Bought '9709380.722769476' of market 'BTC-EUR' for '5.468e-05'. API response: None
2024-05-31 23:23:48,317 - INFO - Sold '17.907338460472868' of market 'USD-EUR' for '34.8'. API response: None
2024-05-31 23:23:48,324 - INFO - Bought '9868241.512571799' of market 'BTC-EUR' for '5.607e-05'. API response: None
2024-05-31 23:23:48,335 - INFO - Sold '17.881543783551923' of market 'USD-EUR' for '36.02'. API response: None
2024-05-31 23:23:48,439 - INFO - Bought '5107.142458167155' of market 'ETH-EUR' for '0.11265'. API response: None
2024-05-31 23:23:48,449 - INFO - Bought '23.34293251177108' of market 'USD-EUR' for '24.63'. API response: None
2024-05-31 23:23:48,464 - INFO - Bought '22.662125745055494' of market 'USD-EUR' for '25.35'. API response: None
2024-05-31 23:23:48,492 - INFO - Sold '9765066.611345312' of market 'BTC-EUR' for '6.493e-05'. API response: None
2024-05-31 23:23:48,508 - INFO - Sold '9745536.48814262' of market 'BTC-EUR' for '6.856e-05'. API response: None
2024-05-31 23:23:48,518 - INFO - Sold '5090.957211286207' of market 'ETH-EUR' for '0.13589'. API response: None
2024-05-31 23:23:48,540 - INFO - Sold '22.933764312916338' of market 'USD-EUR' for '28.7'. API response: None
2024-05-31 23:23:48,571 - INFO - Sold '22.89791678429051' of market 'USD-EUR' for '30.94'. API response: None
2024-05-31 23:23:48,602 - INFO - Bought '11174537.436159339' of market 'BTC-EUR' for '5.857e-05'. API response: None
2024-05-31 23:23:48,692 - INFO - Sold '11132741.89728257' of market 'BTC-EUR' for '7.201e-05'. API response: None
2024-05-31 23:23:48,747 - INFO - Bought '38.18442046090694' of market 'USD-EUR' for '17.77'. API response: None
2024-05-31 23:23:48,762 - INFO - Bought '37.18757389307458' of market 'USD-EUR' for '18.24'. API response: None
2024-05-31 23:23:48,837 - INFO - Bought '13317774.274912106' of market 'BTC-EUR' for '5.091e-05'. API response: None
2024-05-31 23:23:48,870 - INFO - Bought '13580995.855821291' of market 'BTC-EUR' for '4.989e-05'. API response: None
2024-05-31 23:23:48,890 - INFO - Sold '13411407.238528583' of market 'BTC-EUR' for '5.427e-05'. API response: None
2024-05-31 23:23:48,902 - INFO - Sold '13384584.434071524' of market 'BTC-EUR' for '5.347e-05'. API response: None
2024-05-31 23:23:48,994 - INFO - Sold '37.58290766903483' of market 'USD-EUR' for '22.34'. API response: None
2024-05-31 23:23:49,099 - INFO - Sold '37.51776185369676' of market 'USD-EUR' for '25.45'. API response: None
2024-05-31 23:23:49,132 - INFO - Bought '17729.144435367' of market 'ETH-EUR' for '0.0431'. API response: None
2024-05-31 23:23:49,141 - INFO - Bought '17846.274791744207' of market 'ETH-EUR' for '0.0428'. API response: None
2024-05-31 23:23:49,186 - INFO - Bought '22154345.85084471' of market 'BTC-EUR' for '3.446e-05'. API response: None
2024-05-31 23:23:49,195 - INFO - Bought '22511944.49581563' of market 'BTC-EUR' for '3.389e-05'. API response: None
2024-05-31 23:23:49,216 - INFO - Sold '17747.1092758981' of market 'ETH-EUR' for '0.0709'. API response: None
2024-05-31 23:23:49,225 - INFO - Sold '17711.625077346303' of market 'ETH-EUR' for '0.069'. API response: None
2024-05-31 23:23:49,291 - INFO - Sold '22275183.44785155' of market 'BTC-EUR' for '4.198e-05'. API response: None
2024-05-31 23:23:49,303 - INFO - Sold '22230633.09097585' of market 'BTC-EUR' for '4.075e-05'. API response: None
2024-05-31 23:23:49,428 - INFO - Bought '20524.224700789055' of market 'ETH-EUR' for '0.0474'. API response: None
2024-05-31 23:23:49,455 - INFO - Bought '21325.85979181303' of market 'ETH-EUR' for '0.0456'. API response: None
2024-05-31 23:23:49,511 - INFO - Bought '35747447.26485549' of market 'BTC-EUR' for '2.719e-05'. API response: None
2024-05-31 23:23:49,534 - INFO - Sold '35631633.80856409' of market 'BTC-EUR' for '2.447e-05'. API response: None
2024-05-31 23:23:49,559 - INFO - Sold '20865.559099793943' of market 'ETH-EUR' for '0.0649'. API response: None
2024-05-31 23:23:49,578 - INFO - Bought '33.18650900955377' of market 'USD-EUR' for '30.95'. API response: None
2024-05-31 23:23:49,612 - INFO - Sold '20823.83800159435' of market 'ETH-EUR' for '0.0591'. API response: None
2024-05-31 23:23:49,662 - INFO - Bought '20.235074761337334' of market 'USD-EUR' for '52.73'. API response: None
2024-05-31 23:23:49,685 - INFO - Bought '23702.09073487189' of market 'ETH-EUR' for '0.045'. API response: None
2024-05-31 23:23:49,694 - INFO - Bought '26916.24168300982' of market 'ETH-EUR' for '0.0396'. API response: None
2024-05-31 23:23:49,750 - INFO - Sold '26.614989129808524' of market 'USD-EUR' for '81.7'. API response: None
2024-05-31 23:23:49,771 - INFO - Sold '26.5717791515489' of market 'USD-EUR' for '83.54'. API response: None
2024-05-31 23:23:49,796 - INFO - Sold '25237.820103077105' of market 'ETH-EUR' for '0.0575'. API response: None
2024-05-31 23:23:49,805 - INFO - Sold '25187.354482870946' of market 'ETH-EUR' for '0.057'. API response: None
2024-05-31 23:23:49,849 - INFO - Bought '32619.98780343792' of market 'ETH-EUR' for '0.048'. API response: None
2024-05-31 23:23:49,998 - INFO - Bought '19.114963446399543' of market 'USD-EUR' for '81.88'. API response: None
2024-05-31 23:23:50,013 - INFO - Bought '18.643419325401556' of market 'USD-EUR' for '83.92'. API response: None
2024-05-31 23:23:50,020 - INFO - Bought '52564470.770459615' of market 'BTC-EUR' for '2.975e-05'. API response: None
2024-05-31 23:23:50,047 - INFO - Bought '52004967.12932089' of market 'BTC-EUR' for '3.004e-05'. API response: None
2024-05-31 23:23:50,065 - INFO - Bought '29033.608090142847' of market 'ETH-EUR' for '0.0537'. API response: None
2024-05-31 23:23:50,121 - INFO - Sold '52144726.594644815' of market 'BTC-EUR' for '3.211e-05'. API response: None
2024-05-31 23:23:50,130 - INFO - Sold '52040437.15147553' of market 'BTC-EUR' for '3.096e-05'. API response: None
2024-05-31 23:23:50,247 - INFO - Sold '30740.075087443656' of market 'ETH-EUR' for '0.0582'. API response: None
2024-05-31 23:23:50,261 - INFO - Sold '30678.604957268766' of market 'ETH-EUR' for '0.0645'. API response: None
2024-05-31 23:23:50,366 - INFO - Bought '76546823.24415934' of market 'BTC-EUR' for '2.298e-05'. API response: None
2024-05-31 23:23:50,375 - INFO - Bought '77032134.13213998' of market 'BTC-EUR' for '2.282e-05'. API response: None
2024-05-31 23:23:50,396 - INFO - Sold '76584165.83347695' of market 'BTC-EUR' for '2.414e-05'. API response: None
2024-05-31 23:24:14,246 - INFO - Created storage tables
2024-05-31 23:24:14,311 - INFO - Bought '4970673.029128144' of market 'BTC-EUR' for '3.353e-05'. API response: None
2024-05-31 23:24:14,327 - INFO - Bought '5161090.46056983' of market 'BTC-EUR' for '3.228e-05'. API response: None
2024-05-31 23:24:14,347 - INFO - Bought '1817.66947001443' of market 'ETH-EUR' for '0.09161'. API response: None
2024-05-31 23:24:14,366 - INFO - Bought '1918.667070125561' of market 'ETH-EUR' for '0.08673'. API response: None
2024-05-31 23:24:14,407 - INFO - Sold '1864.4294112475006' of market 'ETH-EUR' for '0.07529'. API response: None
2024-05-31 23:24:14,472 - INFO - Sold '1860.7105724250055' of market 'ETH-EUR' for '0.06895'. API response: None
2024-05-31 23:24:14,547 - INFO - Sold '5055770.194460066' of market 'BTC-EUR' for '0.0001339'. API response: None
2024-05-31 23:24:14,581 - INFO - Sold '5045658.664091146' of market 'BTC-EUR' for '0.00011478'. API response: None
2024-05-31 23:24:14,693 - INFO - Bought '2784.1026311940177' of market 'ETH-EUR' for '0.111'. API response: None
2024-05-31 23:24:14,703 - INFO - Bought '3235.019377418692' of market 'ETH-EUR' for '0.09549'. API response: None
2024-05-31 23:24:14,731 - INFO - Bought '4112383.9045283175' of market 'BTC-EUR' for '7.508e-05'. API response: None
2024-05-31 23:24:14,740 - INFO - Bought '4343355.08559101' of market 'BTC-EUR' for '7.104e-05'. API response: None
2024-05-31 23:24:14,905 - INFO - Sold '3001.6882159009806' of market 'ETH-EUR' for '0.23742'. API response: None
2024-05-31 23:24:14,915 - INFO - Sold '2995.694859469179' of market 'ETH-EUR' for '0.22708'. API response: None
2024-05-31 23:24:14,940 - INFO - Bought '20.584992518699433' of market 'USD-EUR' for '24.37'. API response: None
2024-05-31 23:24:14,949 - INFO - Bought '21.66824658465506' of market 'USD-EUR' for '23.14'. API response: None
2024-05-31 23:24:14,992 - INFO - Sold '4214384.970157948' of market 'BTC-EUR' for '0.00010377'. API response: None
2024-05-31 23:24:15,001 - INFO - Sold '4205956.2102376325' of market 'BTC-EUR' for '0.000109'. API response: None
2024-05-31 23:24:15,027 - INFO - Sold '21.074470610456338' of market 'USD-EUR' for '30.85'. API response: None
2024-05-31 23:24:15,041 - INFO - Sold '21.042341669235423' of market 'USD-EUR' for '30.74'. API response: None
2024-05-31 23:24:15,101 - INFO - Bought '17.930348598412156' of market 'USD-EUR' for '29.65'. API response: None
2024-05-31 23:24:15,110 - INFO - Bought '18.034665782441238' of market 'USD-EUR' for '29.47'. API response: None
2024-05-31 23:24:15,192 - INFO - Bought '9716343.858051186' of market 'BTC-EUR' for '5.468e-05'. API response: None
2024-05-31 23:24:15,200 - INFO - Sold '17.920601580912297' of market 'USD-EUR' for '34.8'. API response: None
2024-05-31 23:24:15,207 - INFO - Bought '9875384.84476276' of market 'BTC-EUR' for '5.607e-05'. API response: None
2024-05-31 23:24:15,222 - INFO - Sold '17.894780377750475' of market 'USD-EUR' for '36.02'. API response: None
2024-05-31 23:24:15,322 - INFO - Bought '5110.863295532174' of market 'ETH-EUR' for '0.11265'. API response: None
2024-05-31 23:24:15,333 - INFO - Bought '23.359939125424475' of market 'USD-EUR' for '24.63'. API response: None
2024-05-31 23:24:15,347 - INFO - Bought '22.67863280704322' of market 'USD-EUR' for '25.35'. API response: None
2024-05-31 23:24:15,375 - INFO - Sold '9772105.766770791' of market 'BTC-EUR' for '6.493e-05'. API response: None
2024-05-31 23:24:15,390 - INFO - Sold '9752561.56525725' of market 'BTC-EUR' for '6.856e-05'. API response: None
2024-05-31 23:24:15,400 - INFO - Sold '5094.670621830138' of market 'ETH-EUR' for '0.13589'. API response: None
2024-05-31 23:24:15,421 - INFO - Sold '22.950474467360614' of market 'USD-EUR' for '28.7'. API response: None
2024-05-31 23:24:15,450 - INFO - Sold '22.9145935184259' of market 'USD-EUR' for '30.94'. API response: None
2024-05-31 23:24:15,480 - INFO - Bought '11182651.987722771' of market 'BTC-EUR' for '5.857e-05'. API response: None
2024-05-31 23:24:15,563 - INFO - Sold '11140826.20198207' of market 'BTC-EUR' for '7.201e-05'. API response: None
2024-05-31 23:24:15,617 - INFO - Bought '38.21214869848511' of market 'USD-EUR' for '17.77'. API response: None
2024-05-31 23:24:15,632 - INFO - Bought '37.2145768365752' of market 'USD-EUR' for '18.24'. API response: None
2024-05-31 23:24:15,704 - INFO - Bought '13327444.033753328' of market 'BTC-EUR' for '5.091e-05'. API response: None
2024-05-31 23:24:15,736 - INFO - Bought '13590856.734373938' of market 'BTC-EUR' for '4.989e-05'. API response: None
2024-05-31 23:24:15,756 - INFO - Sold '13421144.98126673' of market 'BTC-EUR' for '5.427e-05'. API response: None
2024-05-31 23:24:15,769 - INFO - Sold '13394302.701324197' of market 'BTC-EUR' for '5.347e-05'. API response: None
2024-05-31 23:24:15,861 - INFO - Sold '37.610201960902884' of market 'USD-EUR' for '22.34'. API response: None
2024-05-31 23:24:15,967 - INFO - Sold '37.54500155698108' of market 'USD-EUR' for '25.45'. API response: None
2024-05-31 23:24:16,010 - INFO - Bought '17742.018950798345' of market 'ETH-EUR' for '0.0431'. API response: None
2024-05-31 23:24:16,022 - INFO - Bought '17859.2343632032' of market 'ETH-EUR' for '0.0428'. API response: None
2024-05-31 23:24:16,074 - INFO - Bought '22170433.846306566' of market 'BTC-EUR' for '3.446e-05'. API response: None
2024-05-31 23:24:16,083 - INFO - Bought '22528292.1714938' of market 'BTC-EUR' for '3.389e-05'. API response: None
2024-05-31 23:24:16,104 - INFO - Sold '17759.99682341088' of market 'ETH-EUR' for '0.0709'. API response: None
2024-05-31 23:24:16,113 - INFO - Sold '17724.486849764056' of market 'ETH-EUR' for '0.069'. API response: None
2024-05-31 23:24:16,179 - INFO - Sold '22291359.194225024' of market 'BTC-EUR' for '4.198e-05'. API response: None
2024-05-31 23:24:16,191 - INFO - Sold '22246776.485856574' of market 'BTC-EUR' for '4.075e-05'. API response: None
2024-05-31 23:24:16,311 - INFO - Bought '20539.128935485838' of market 'ETH-EUR' for '0.0474'. API response: None
2024-05-31 23:24:16,338 - INFO - Bought '21341.346154539733' of market 'ETH-EUR' for '0.0456'. API response: None
2024-05-31 23:24:16,392 - INFO - Bought '35773406.259017594' of market 'BTC-EUR' for '2.719e-05'. API response: None
2024-05-31 23:24:16,416 - INFO - Sold '35657508.70157682' of market 'BTC-EUR' for '2.447e-05'. API response: None
2024-05-31 23:24:16,441 - INFO - Sold '20880.71120679574' of market 'ETH-EUR' for '0.0649'. API response: None
2024-05-31 23:24:16,460 - INFO - Bought '33.21060831341548' of market 'USD-EUR' for '30.95'. API response: None
2024-05-31 23:24:16,496 - INFO - Sold '20838.959804382142' of market 'ETH-EUR' for '0.0591'. API response: None
2024-05-31 23:24:16,546 - INFO - Bought '20.249768168454715' of market 'USD-EUR' for '52.73'. API response: None
2024-05-31 23:24:16,568 - INFO - Bought '23719.29953410791' of market 'ETH-EUR' for '0.045'. API response: None
2024-05-31 23:24:16,577 - INFO - Bought '26935.784099717992' of market 'ETH-EUR' for '0.0396'. API response: None
2024-05-31 23:24:16,640 - INFO - Sold '26.63431953031437' of market 'USD-EUR' for '81.7'. API response: None
2024-05-31 23:24:16,660 - INFO - Sold '26.59107089125374' of market 'USD-EUR' for '83.54'. API response: None
2024-05-31 23:24:16,685 - INFO - Sold '25256.143911386185' of market 'ETH-EUR' for '0.0575'. API response: None
2024-05-31 23:24:16,694 - INFO - Sold '25205.641643563413' of market 'ETH-EUR' for '0.057'. API response: None
2024-05-31 23:24:16,737 - INFO - Bought '32643.677288567265' of market 'ETH-EUR' for '0.048'. API response: None
2024-05-31 23:24:16,885 - INFO - Bought '19.128845230084124' of market 'USD-EUR' for '81.88'. API response: None
2024-05-31 23:24:16,900 - INFO - Bought '18.65695688650582' of market 'USD-EUR' for '83.92'. API response: None
2024-05-31 23:24:16,907 - INFO - Bought '52602632.61067645' of market 'BTC-EUR' for '2.975e-05'. API response: None
2024-05-31 23:24:16,935 - INFO - Bought '52042722.76952412' of market 'BTC-EUR' for '3.004e-05'. API response: None
2024-05-31 23:24:16,954 - INFO - Bought '29054.686508631512' of market 'ETH-EUR' for '0.0537'. API response: None
2024-05-31 23:24:17,007 - INFO - Sold '52182583.6940133' of market 'BTC-EUR' for '3.211e-05'. API response: None
2024-05-31 23:24:17,015 - INFO - Sold '52078218.53664526' of market 'BTC-EUR' for '3.096e-05'. API response: None
2024-05-31 23:24:17,126 - INFO - Sold '30762.396073545446' of market 'ETH-EUR' for '0.0582'. API response: None
2024-05-31 23:24:17,142 - INFO - Sold '30700.881301398353' of market 'ETH-EUR' for '0.0645'. API response: None
2024-05-31 23:24:17,237 - INFO - Bought '76602401.16993606' of market 'BTC-EUR' for '2.298e-05'. API response: None
2024-05-31 23:24:17,246 - INFO - Bought '77088064.42488872' of market 'BTC-EUR' for '2.282e-05'. API response: None
2024-05-31 23:24:17,267 - INFO - Sold '76639770.87570727' of market 'BTC-EUR' for '2.414e-05'. API response: None
2024-05-31 23:24:33,583 - INFO - Created storage tables
2024-05-31 23:24:33,642 - INFO - Bought '4970673.029128144' of market 'BTC-EUR' for '3.353e-05'. API response: None
2024-05-31 23:24:33,658 - INFO - Bought '5161090.46056983' of market 'BTC-EUR' for '3.228e-05'. API response: None
2024-05-31 23:24:33,677 - INFO - Bought '1817.66947001443' of market 'ETH-EUR' for '0.09161'. API response: None
2024-05-31 23:24:33,695 - INFO - Bought '1918.667070125561' of market 'ETH-EUR' for '0.08673'. API response: None
2024-05-31 23:24:33,726 - INFO - Sold '1864.4294112475006' of market 'ETH-EUR' for '0.07529'. API response: None
2024-05-31 23:24:33,769 - INFO - Sold '1860.7105724250055' of market 'ETH-EUR' for '0.06895'. API response: None
2024-05-31 23:24:33,843 - INFO - Sold '5055770.194460066' of market 'BTC-EUR' for '0.0001339'. API response: None
2024-05-31 23:24:33,875 - INFO - Sold '5045658.664091146' of market 'BTC-EUR' for '0.00011478'. API response: None
2024-05-31 23:24:33,989 - INFO - Bought '2784.1026311940177' of market 'ETH-EUR' for '0.111'. API response: None
2024-05-31 23:24:33,998 - INFO - Bought '3235.019377418692' of market 'ETH-EUR' for '0.09549'. API response: None
2024-05-31 23:24:34,027 - INFO - Bought '4112383.9045283175' of market 'BTC-EUR' for '7.508e-05'. API response: None
2024-05-31 23:24:34,036 - INFO - Bought '4343355.08559101' of market 'BTC-EUR' for '7.104e-05'. API response: None
2024-05-31 23:24:34,199 - INFO - Sold '3001.6882159009806' of market 'ETH-EUR' for '0.23742'. API response: None
2024-05-31 23:24:34,209 - INFO - Sold '2995.694859469179' of market 'ETH-EUR' for '0.22708'. API response: None
2024-05-31 23:24:34,233 - INFO - Bought '20.584992518699433' of market 'USD-EUR' for '24.37'. API response: None
2024-05-31 23:24:34,243 - INFO - Bought '21.66824658465506' of market 'USD-EUR' for '23.14'. API response: None
2024-05-31 23:24:34,286 - INFO - Sold '4214384.970157948' of market 'BTC-EUR' for '0.00010377'. API response: None
2024-05-31 23:24:34,296 - INFO - Sold '4205956.2102376325' of market 'BTC-EUR' for '0.000109'. API response: None
2024-05-31 23:24:34,321 - INFO - Sold '21.074470610456338' of market 'USD-EUR' for '30.85'. API response: None
2024-05-31 23:24:34,331 - INFO - Sold '21.042341669235423' of market 'USD-EUR' for '30.74'. API response: None
2024-05-31 23:24:34,389 - INFO - Bought '17.930348598412156' of market 'USD-EUR' for '29.65'. API response: None
2024-05-31 23:24:34,398 - INFO - Bought '18.034665782441238' of market 'USD-EUR' for '29.47'. API response: None
2024-05-31 23:24:34,477 - INFO - Bought '9716343.858051186' of market 'BTC-EUR' for '5.468e-05'. API response: None
2024-05-31 23:24:34,485 - INFO - Sold '17.920601580912297' of market 'USD-EUR' for '34.8'. API response: None
2024-05-31 23:24:34,493 - INFO - Bought '9875384.84476276' of market 'BTC-EUR' for '5.607e-05'. API response: None
2024-05-31 23:24:34,504 - INFO - Sold '17.894780377750475' of market 'USD-EUR' for '36.02'. API response: None
2024-05-31 23:24:34,599 - INFO - Bought '5110.863295532174' of market 'ETH-EUR' for '0.11265'. API response: None
2024-05-31 23:24:34,609 - INFO - Bought '23.359939125424475' of market 'USD-EUR' for '24.63'. API response: None
2024-05-31 23:24:34,624 - INFO - Bought '22.67863280704322' of market 'USD-EUR' for '25.35'. API response: None
2024-05-31 23:24:34,652 - INFO - Sold '9772105.766770791' of market 'BTC-EUR' for '6.493e-05'. API response: None
2024-05-31 23:24:34,667 - INFO - Sold '9752561.56525725' of market 'BTC-EUR' for '6.856e-05'. API response: None
2024-05-31 23:24:34,680 - INFO - Sold '5094.670621830138' of market 'ETH-EUR' for '0.13589'. API response: None
2024-05-31 23:24:34,704 - INFO - Sold '22.950474467360614' of market 'USD-EUR' for '28.7'. API response: None
2024-05-31 23:24:34,733 - INFO - Sold '22.9145935184259' of market 'USD-EUR' for '30.94'. API response: None
2024-05-31 23:24:34,763 - INFO - Bought '11182651.987722771' of market 'BTC-EUR' for '5.857e-05'. API response: None
2024-05-31 23:24:34,848 - INFO - Sold '11140826.20198207' of market 'BTC-EUR' for '7.201e-05'. API response: None
2024-05-31 23:24:34,903 - INFO - Bought '38.21214869848511' of market 'USD-EUR' for '17.77'. API response: None
2024-05-31 23:24:34,919 - INFO - Bought '37.2145768365752' of market 'USD-EUR' for '18.24'. API response: None
2024-05-31 23:24:34,995 - INFO - Bought '13327444.033753328' of market 'BTC-EUR' for '5.091e-05'. API response: None
2024-05-31 23:24:35,026 - INFO - Bought '13590856.734373938' of market 'BTC-EUR' for '4.989e-05'. API response: None
2024-05-31 23:24:35,048 - INFO - Sold '13421144.98126673' of market 'BTC-EUR' for '5.427e-05'. API response: None
2024-05-31 23:24:35,060 - INFO - Sold '13394302.701324197' of market 'BTC-EUR' for '5.347e-05'. API response: None
2024-05-31 23:24:35,150 - INFO - Sold '37.610201960902884' of market 'USD-EUR' for '22.34'. API response: None
2024-05-31 23:24:35,256 - INFO - Sold '37.54500155698108' of market 'USD-EUR' for '25.45'. API response: None
2024-05-31 23:24:35,283 - INFO - Bought '17742.018950798345' of market 'ETH-EUR' for '0.0431'. API response: None
2024-05-31 23:24:35,294 - INFO - Bought '17859.2343632032' of market 'ETH-EUR' for '0.0428'. API response: None
2024-05-31 23:24:35,341 - INFO - Bought '22170433.846306566' of market 'BTC-EUR' for '3.446e-05'. API response: None
2024-05-31 23:24:35,353 - INFO - Bought '22528292.1714938' of market 'BTC-EUR' for '3.389e-05'. API response: None
2024-05-31 23:24:35,377 - INFO - Sold '17759.99682341088' of market 'ETH-EUR' for '0.0709'. API response: None
2024-05-31 23:24:35,386 - INFO - Sold '17724.486849764056' of market 'ETH-EUR' for '0.069'. API response: None
2024-05-31 23:24:35,452 - INFO - Sold '22291359.194225024' of market 'BTC-EUR' for '4.198e-05'. API response: None
2024-05-31 23:24:35,464 - INFO - Sold '22246776.485856574' of market 'BTC-EUR' for '4.075e-05'. API response: None
2024-05-31 23:24:35,588 - INFO - Bought '20539.128935485838' of market 'ETH-EUR' for '0.0474'. API response: None
2024-05-31 23:24:35,614 - INFO - Bought '21341.346154539733' of market 'ETH-EUR' for '0.0456'. API response: None
2024-05-31 23:24:35,668 - INFO - Bought '35773406.259017594' of market 'BTC-EUR' for '2.719e-05'. API response: None
2024-05-31 23:24:35,692 - INFO - Sold '35657508.70157682' of market 'BTC-EUR' for '2.447e-05'. API response: None
2024-05-31 23:24:35,716 - INFO - Sold '20880.71120679574' of market 'ETH-EUR' for '0.0649'. API response: None
2024-05-31 23:24:35,734 - INFO - Bought '33.21060831341548' of market 'USD-EUR' for '30.95'. API response: None
2024-05-31 23:24:35,768 - INFO - Sold '20838.959804382142' of market 'ETH-EUR' for '0.0591'. API response: None
2024-05-31 23:24:35,818 - INFO - Bought '20.249768168454715' of market 'USD-EUR' for '52.73'. API response: None
2024-05-31 23:24:35,840 - INFO - Bought '23719.29953410791' of market 'ETH-EUR' for '0.045'. API response: None
2024-05-31 23:24:35,851 - INFO - Bought '26935.784099717992' of market 'ETH-EUR' for '0.0396'. API response: None
2024-05-31 23:24:35,920 - INFO - Sold '26.63431953031437' of market 'USD-EUR' for '81.7'. API response: None
2024-05-31 23:24:35,941 - INFO - Sold '26.59107089125374' of market 'USD-EUR' for '83.54'. API response: None
2024-05-31 23:24:35,966 - INFO - Sold '25256.143911386185' of market 'ETH-EUR' for '0.0575'. API response: None
2024-05-31 23:24:35,975 - INFO - Sold '25205.641643563413' of market 'ETH-EUR' for '0.057'. API response: None
2024-05-31 23:24:36,019 - INFO - Bought '32643.677288567265' of market 'ETH-EUR' for '0.048'. API response: None
2024-05-31 23:24:36,165 - INFO - Bought '19.128845230084124' of market 'USD-EUR' for '81.88'. API response: None
2024-05-31 23:24:36,180 - INFO - Bought '18.65695688650582' of market 'USD-EUR' for '83.92'. API response: None
2024-05-31 23:24:36,187 - INFO - Bought '52602632.61067645' of market 'BTC-EUR' for '2.975e-05'. API response: None
2024-05-31 23:24:36,213 - INFO - Bought '52042722.76952412' of market 'BTC-EUR' for '3.004e-05'. API response: None
2024-05-31 23:24:36,231 - INFO - Bought '29054.686508631512' of market 'ETH-EUR' for '0.0537'. API response: None
2024-05-31 23:24:36,284 - INFO - Sold '52182583.6940133' of market 'BTC-EUR' for '3.211e-05'. API response: None
2024-05-31 23:24:36,292 - INFO - Sold '52078218.53664526' of market 'BTC-EUR' for '3.096e-05'. API response: None
2024-05-31 23:24:36,401 - INFO - Sold '30762.396073545446' of market 'ETH-EUR' for '0.0582'. API response: None
2024-05-31 23:24:36,415 - INFO - Sold '30700.881301398353' of market 'ETH-EUR' for '0.0645'. API response: None
2024-05-31 23:24:36,514 - INFO - Bought '76602401.16993606' of market 'BTC-EUR' for '2.298e-05'. API response: None
2024-05-31 23:24:36,529 - INFO - Bought '77088064.42488872' of market 'BTC-EUR' for '2.282e-05'. API response: None
2024-05-31 23:24:36,556 - INFO - Sold '76639770.87570727' of market 'BTC-EUR' for '2.414e-05'. API response: None
